<?xml version="1.0" encoding="UTF-8"?>
<!-- Generated by org.testng.reporters.JUnitReportReporter -->
<testsuite skipped="1" hostname="Lisandro-Silva.local" name="com.mkyong.buson.jes.detail.TestFacturaCartaPorteJesDetail" tests="2" failures="0" timestamp="06 Mar 2020 19:51:59 GMT" time="0.019" errors="1">
  <testcase name="initiaLiseBrowser" time="0.019" classname="com.mkyong.buson.jes.detail.TestFacturaCartaPorteJesDetail">
    <error type="java.io.FileNotFoundException" message="/Users/lisandrosilva/git/repository/Com.Diverza.project/src/main/java/resources/data.properties (No such file or directory)">
      <![CDATA[java.io.FileNotFoundException: /Users/lisandrosilva/git/repository/Com.Diverza.project/src/main/java/resources/data.properties (No such file or directory)
at java.io.FileInputStream.open0(Native Method)
at java.io.FileInputStream.open(FileInputStream.java:195)
at java.io.FileInputStream.<init>(FileInputStream.java:138)
at java.io.FileInputStream.<init>(FileInputStream.java:93)
at resources.base.initializeDriver(base.java:23)
at com.mkyong.buson.jes.detail.TestFacturaCartaPorteJesDetail.initiaLiseBrowser(TestFacturaCartaPorteJesDetail.java:30)
at sun.reflect.NativeMethodAccessorImpl.invoke0(Native Method)
at sun.reflect.NativeMethodAccessorImpl.invoke(NativeMethodAccessorImpl.java:62)
at sun.reflect.DelegatingMethodAccessorImpl.invoke(DelegatingMethodAccessorImpl.java:43)
at java.lang.reflect.Method.invoke(Method.java:498)
at org.testng.internal.MethodInvocationHelper.invokeMethod(MethodInvocationHelper.java:124)
at org.testng.internal.MethodInvocationHelper.invokeMethodConsideringTimeout(MethodInvocationHelper.java:59)
at org.testng.internal.Invoker.invokeConfigurationMethod(Invoker.java:458)
at org.testng.internal.Invoker.invokeConfigurations(Invoker.java:222)
at org.testng.internal.Invoker.invokeConfigurations(Invoker.java:142)
at org.testng.TestRunner.beforeRun(TestRunner.java:529)
at org.testng.TestRunner.run(TestRunner.java:497)
at org.testng.SuiteRunner.runTest(SuiteRunner.java:455)
at org.testng.SuiteRunner.runSequentially(SuiteRunner.java:450)
at org.testng.SuiteRunner.privateRun(SuiteRunner.java:415)
at org.testng.SuiteRunner.run(SuiteRunner.java:364)
at org.testng.SuiteRunnerWorker.runSuite(SuiteRunnerWorker.java:52)
at org.testng.SuiteRunnerWorker.run(SuiteRunnerWorker.java:84)
at org.testng.TestNG.runSuitesSequentially(TestNG.java:1208)
at org.testng.TestNG.runSuitesLocally(TestNG.java:1137)
at org.testng.TestNG.runSuites(TestNG.java:1049)
at org.testng.TestNG.run(TestNG.java:1017)
at org.testng.remote.AbstractRemoteTestNG.run(AbstractRemoteTestNG.java:115)
at org.testng.remote.RemoteTestNG.initAndRun(RemoteTestNG.java:251)
at org.testng.remote.RemoteTestNG.main(RemoteTestNG.java:77)
]]>
    </error>
  </testcase> <!-- initiaLiseBrowser -->
  <testcase name="basePageNavigation" time="0.000" classname="com.mkyong.buson.jes.detail.TestFacturaCartaPorteJesDetail">
    <skipped/>
  </testcase> <!-- basePageNavigation -->
</testsuite> <!-- com.mkyong.buson.jes.detail.TestFacturaCartaPorteJesDetail -->
